16:50:35 **** Clean-only build of configuration Debug for project Ex2 alt alt ****
rm -rf e.d e.o "Ex2 alt alt.exe" 
rm: cannot remove `Ex2 alt alt.exe': Permission denied
Info: Nothing to build for Ex1
16:51:16 **** Incremental Build of configuration Debug for project Ex2 ****
Info: Internal Builder is used for build
gcc -o Ex2.exe a.o 
16:51:17 **** Rebuild of configuration Debug for project Ex2 alt alt ****
Info: Internal Builder is used for build
gcc -O0 -g3 -Wall -c -fmessage-length=0 -o e.o "..\\e.c" 
..\e.c:8:6: warning: return type of 'main' is not 'int' [-Wmain]
 void main(){
      ^~~~
..\e.c: In function 'main':
..\e.c:19:9: warning: too many arguments for format [-Wformat-extra-args]
  printf("average",average);
         ^~~~~~~~~
gcc -o "Ex2 alt alt.exe" e.o 
Info: Nothing to build for Ex2
Info: Nothing to build for Ex1
16:52:36 **** Incremental Build of configuration Debug for project Ex2 ****
Info: Internal Builder is used for build
gcc -O0 -g3 -Wall -c -fmessage-length=0 -o a.o "..\\a.c" 
..\a.c:9:6: warning: return type of 'main' is not 'int' [-Wmain]
 void main(){
      ^~~~
..\a.c: In function 'main':
..\a.c:10:20: warning: unused variable 'average' [-Wunused-variable]
  int i;int d;float average;
                    ^~~~~~~
gcc -o Ex2.exe a.o 
Info: Nothing to build for Ex2 alt alt
Info: Nothing to build for Ex1
Info: Nothing to build for Ex2
Info: Nothing to build for Ex2 alt alt
Info: Nothing to build for Ex1
18:14:56 **** Rebuild of configuration Debug for project Ex2 ****
Info: Internal Builder is used for build
gcc -O0 -g3 -Wall -c -fmessage-length=0 -o ff.o "..\\ff.c" 
..\ff.c:9:6: warning: return type of 'main' is not 'int' [-Wmain]
 void main(){
      ^~~~
gcc -o Ex2.exe ff.o 
Info: Nothing to build for Ex2
Info: Nothing to build for Ex1
18:21:52 **** Incremental Build of configuration Debug for project Ex2 ****
Info: Internal Builder is used for build
gcc -O0 -g3 -Wall -c -fmessage-length=0 -o ff.o "..\\ff.c" 
..\ff.c:10:6: warning: return type of 'main' is not 'int' [-Wmain]
 void main(){
      ^~~~
..\ff.c: In function 'main':
..\ff.c:19:18: warning: statement with no effect [-Wunused-value]
 for (i=0;i<data;i+1){
                 ~^~
gcc -o Ex2.exe ff.o 
Info: Nothing to build for Ex2
Info: Nothing to build for Ex2
Info: Nothing to build for Ex1
18:24:02 **** Incremental Build of configuration Debug for project Ex2 ****
Info: Internal Builder is used for build
gcc -O0 -g3 -Wall -c -fmessage-length=0 -o ff.o "..\\ff.c" 
..\ff.c:10:6: warning: return type of 'main' is not 'int' [-Wmain]
 void main(){
      ^~~~
..\ff.c: In function 'main':
..\ff.c:19:18: warning: statement with no effect [-Wunused-value]
 for (i=0;i<data;i+1){
                 ~^~
gcc -o Ex2.exe ff.o 
c:/mingw/bin/../lib/gcc/mingw32/6.3.0/../../../../mingw32/bin/ld.exe: cannot open output file Ex2.exe: Permission denied
collect2.exe: error: ld returned 1 exit status
18:24:10 **** Incremental Build of configuration Debug for project Ex2 ****
Info: Internal Builder is used for build
gcc -o Ex2.exe ff.o 
c:/mingw/bin/../lib/gcc/mingw32/6.3.0/../../../../mingw32/bin/ld.exe: cannot open output file Ex2.exe: Permission denied
collect2.exe: error: ld returned 1 exit status
Info: Nothing to build for Ex1
18:24:22 **** Incremental Build of configuration Debug for project Ex2 ****
Info: Internal Builder is used for build
gcc -O0 -g3 -Wall -c -fmessage-length=0 -o ff.o "..\\ff.c" 
..\ff.c:10:6: warning: return type of 'main' is not 'int' [-Wmain]
 void main(){
      ^~~~
..\ff.c: In function 'main':
..\ff.c:19:18: warning: statement with no effect [-Wunused-value]
 for (i=0;i<data;i+1){
                 ~^~
gcc -o Ex2.exe ff.o 
c:/mingw/bin/../lib/gcc/mingw32/6.3.0/../../../../mingw32/bin/ld.exe: cannot open output file Ex2.exe: Permission denied
collect2.exe: error: ld returned 1 exit status
18:24:25 **** Incremental Build of configuration Debug for project Ex2 ****
Info: Internal Builder is used for build
gcc -o Ex2.exe ff.o 
c:/mingw/bin/../lib/gcc/mingw32/6.3.0/../../../../mingw32/bin/ld.exe: cannot open output file Ex2.exe: Permission denied
collect2.exe: error: ld returned 1 exit status
Info: Nothing to build for Ex1
18:25:06 **** Incremental Build of configuration Debug for project Ex2 ****
Info: Internal Builder is used for build
gcc -o Ex2.exe ff.o 
Info: Nothing to build for Ex2
Info: Nothing to build for Ex1
18:25:55 **** Incremental Build of configuration Debug for project Ex2 ****
Info: Internal Builder is used for build
gcc -O0 -g3 -Wall -c -fmessage-length=0 -o ff.o "..\\ff.c" 
..\ff.c:10:6: warning: return type of 'main' is not 'int' [-Wmain]
 void main(){
      ^~~~
gcc -o Ex2.exe ff.o 
c:/mingw/bin/../lib/gcc/mingw32/6.3.0/../../../../mingw32/bin/ld.exe: cannot open output file Ex2.exe: Permission denied
collect2.exe: error: ld returned 1 exit status
18:25:59 **** Incremental Build of configuration Debug for project Ex2 ****
Info: Internal Builder is used for build
gcc -o Ex2.exe ff.o 
c:/mingw/bin/../lib/gcc/mingw32/6.3.0/../../../../mingw32/bin/ld.exe: cannot open output file Ex2.exe: Permission denied
collect2.exe: error: ld returned 1 exit status
Info: Nothing to build for Ex1
18:26:51 **** Incremental Build of configuration Debug for project Ex2 ****
Info: Internal Builder is used for build
gcc -o Ex2.exe ff.o 
Info: Nothing to build for Ex2
Info: Nothing to build for Ex2
Info: Nothing to build for Ex1
18:27:33 **** Incremental Build of configuration Debug for project Ex2 ****
Info: Internal Builder is used for build
gcc -O0 -g3 -Wall -c -fmessage-length=0 -o ff.o "..\\ff.c" 
..\ff.c:10:6: warning: return type of 'main' is not 'int' [-Wmain]
 void main(){
      ^~~~
gcc -o Ex2.exe ff.o 
Info: Nothing to build for Ex2
Info: Nothing to build for Ex1
18:33:13 **** Incremental Build of configuration Debug for project Ex2 ****
Info: Internal Builder is used for build
gcc -O0 -g3 -Wall -c -fmessage-length=0 -o ff.o "..\\ff.c" 
..\ff.c:10:6: warning: return type of 'main' is not 'int' [-Wmain]
 void main(){
      ^~~~
..\ff.c: In function 'main':
..\ff.c:32:16: error: 'd' undeclared (first use in this function)
  Average = sum/d;
                ^
..\ff.c:32:16: note: each undeclared identifier is reported only once for each function it appears in
Info: Nothing to build for Ex1
18:33:31 **** Incremental Build of configuration Debug for project Ex2 ****
Info: Internal Builder is used for build
gcc -O0 -g3 -Wall -c -fmessage-length=0 -o ff.o "..\\ff.c" 
..\ff.c:10:6: warning: return type of 'main' is not 'int' [-Wmain]
 void main(){
      ^~~~
gcc -o Ex2.exe ff.o 
c:/mingw/bin/../lib/gcc/mingw32/6.3.0/../../../../mingw32/bin/ld.exe: cannot open output file Ex2.exe: Permission denied
collect2.exe: error: ld returned 1 exit status
18:33:37 **** Incremental Build of configuration Debug for project Ex2 ****
Info: Internal Builder is used for build
gcc -o Ex2.exe ff.o 
c:/mingw/bin/../lib/gcc/mingw32/6.3.0/../../../../mingw32/bin/ld.exe: cannot open output file Ex2.exe: Permission denied
collect2.exe: error: ld returned 1 exit status
Info: Nothing to build for Ex1
18:34:07 **** Incremental Build of configuration Debug for project Ex2 ****
Info: Internal Builder is used for build
gcc -o Ex2.exe ff.o 
Info: Nothing to build for Ex2
Info: Nothing to build for Ex2
Info: Nothing to build for Ex1
Info: Nothing to build for Ex2
18:49:31 **** Rebuild of configuration Debug for project Ex3 ****
Info: Internal Builder is used for build
gcc -O0 -g3 -Wall -c -fmessage-length=0 -o qq.o "..\\qq.c" 
..\qq.c:9:6: warning: return type of 'main' is not 'int' [-Wmain]
 void main(){
      ^~~~
..\qq.c: In function 'main':
..\qq.c:20:8: warning: too many arguments for format [-Wformat-extra-args]
  scanf("%d",&rows,&columns);
        ^~~~
gcc -o Ex3.exe qq.o 
Info: Nothing to build for Ex3
Info: Nothing to build for Ex1
Info: Nothing to build for Ex2
18:51:44 **** Incremental Build of configuration Debug for project Ex3 ****
Info: Internal Builder is used for build
gcc -O0 -g3 -Wall -c -fmessage-length=0 -o qq.o "..\\qq.c" 
..\qq.c:9:6: warning: return type of 'main' is not 'int' [-Wmain]
 void main(){
      ^~~~
..\qq.c: In function 'main':
..\qq.c:20:2: warning: writing into constant object (argument 2) [-Wformat=]
  scanf("%d","%d",&rows,&columns);
  ^~~~~
..\qq.c:20:10: warning: format '%d' expects argument of type 'int *', but argument 2 has type 'char *' [-Wformat=]
  scanf("%d","%d",&rows,&columns);
          ^
..\qq.c:20:8: warning: too many arguments for format [-Wformat-extra-args]
  scanf("%d","%d",&rows,&columns);
        ^~~~
gcc -o Ex3.exe qq.o 
c:/mingw/bin/../lib/gcc/mingw32/6.3.0/../../../../mingw32/bin/ld.exe: cannot open output file Ex3.exe: Permission denied
collect2.exe: error: ld returned 1 exit status
Info: Nothing to build for Ex1
Info: Nothing to build for Ex2
18:51:54 **** Incremental Build of configuration Debug for project Ex3 ****
Info: Internal Builder is used for build
gcc -o Ex3.exe qq.o 
c:/mingw/bin/../lib/gcc/mingw32/6.3.0/../../../../mingw32/bin/ld.exe: cannot open output file Ex3.exe: Permission denied
collect2.exe: error: ld returned 1 exit status
18:51:57 **** Incremental Build of configuration Debug for project Ex3 ****
Info: Internal Builder is used for build
gcc -o Ex3.exe qq.o 
c:/mingw/bin/../lib/gcc/mingw32/6.3.0/../../../../mingw32/bin/ld.exe: cannot open output file Ex3.exe: Permission denied
collect2.exe: error: ld returned 1 exit status
Info: Nothing to build for Ex1
Info: Nothing to build for Ex2
18:52:33 **** Incremental Build of configuration Debug for project Ex3 ****
Info: Internal Builder is used for build
gcc -o Ex3.exe qq.o 
Info: Nothing to build for Ex3
Info: Nothing to build for Ex1
Info: Nothing to build for Ex2
Info: Nothing to build for Ex3
Info: Nothing to build for Ex3
Info: Nothing to build for Ex1
Info: Nothing to build for Ex2
Info: Nothing to build for Ex3
18:55:20 **** Rebuild of configuration Debug for project Ex3 alt ****
Info: Internal Builder is used for build
gcc -O0 -g3 -Wall -c -fmessage-length=0 -o "src\\Ex3 alt.o" "..\\src\\Ex3 alt.c" 
..\src\Ex3 alt.c:9:6: warning: return type of 'main' is not 'int' [-Wmain]
 void main(){
      ^~~~
..\src\Ex3 alt.c: In function 'main':
..\src\Ex3 alt.c:20:2: warning: writing into constant object (argument 2) [-Wformat=]
  scanf("%d","%d",&rows,&columns);
  ^~~~~
..\src\Ex3 alt.c:20:10: warning: format '%d' expects argument of type 'int *', but argument 2 has type 'char *' [-Wformat=]
  scanf("%d","%d",&rows,&columns);
          ^
..\src\Ex3 alt.c:20:8: warning: too many arguments for format [-Wformat-extra-args]
  scanf("%d","%d",&rows,&columns);
        ^~~~
gcc -o "Ex3 alt.exe" "src\\Ex3 alt.o" 
Info: Nothing to build for Ex3
Info: Nothing to build for Ex1
Info: Nothing to build for Ex2
18:56:11 **** Incremental Build of configuration Debug for project Ex3 ****
Info: Internal Builder is used for build
gcc -O0 -g3 -Wall -c -fmessage-length=0 -o qq.o "..\\qq.c" 
..\qq.c:9:6: warning: return type of 'main' is not 'int' [-Wmain]
 void main(){
      ^~~~
gcc -o Ex3.exe qq.o 
Info: Nothing to build for Ex3
Info: Nothing to build for Ex1
Info: Nothing to build for Ex2
18:56:56 **** Incremental Build of configuration Debug for project Ex3 ****
Info: Internal Builder is used for build
gcc -O0 -g3 -Wall -c -fmessage-length=0 -o qq.o "..\\qq.c" 
..\qq.c:9:6: warning: return type of 'main' is not 'int' [-Wmain]
 void main(){
      ^~~~
gcc -o Ex3.exe qq.o 
Info: Nothing to build for Ex3
Info: Nothing to build for Ex1
Info: Nothing to build for Ex2
19:03:11 **** Incremental Build of configuration Debug for project Ex3 ****
Info: Internal Builder is used for build
gcc -O0 -g3 -Wall -c -fmessage-length=0 -o qq.o "..\\qq.c" 
..\qq.c:9:6: warning: return type of 'main' is not 'int' [-Wmain]
 void main(){
      ^~~~
..\qq.c: In function 'main':
..\qq.c:43:19: warning: format '%f' expects a matching 'double' argument [-Wformat=]
    printf("%.2f%.2f",E[r][c]);
                   ^
gcc -o Ex3.exe qq.o 
Info: Nothing to build for Ex3
Info: Nothing to build for Ex1
Info: Nothing to build for Ex2
19:04:51 **** Incremental Build of configuration Debug for project Ex3 ****
Info: Internal Builder is used for build
gcc -O0 -g3 -Wall -c -fmessage-length=0 -o qq.o "..\\qq.c" 
..\qq.c:9:6: warning: return type of 'main' is not 'int' [-Wmain]
 void main(){
      ^~~~
..\qq.c: In function 'main':
..\qq.c:43:15: warning: format '%f' expects argument of type 'double', but argument 2 has type 'float (*)[10]' [-Wformat=]
    printf("%.2f%.2f",E);
               ^
..\qq.c:43:19: warning: format '%f' expects a matching 'double' argument [-Wformat=]
    printf("%.2f%.2f",E);
                   ^
gcc -o Ex3.exe qq.o 
Info: Nothing to build for Ex3
Info: Nothing to build for Ex1
Info: Nothing to build for Ex2
19:06:09 **** Incremental Build of configuration Debug for project Ex3 ****
Info: Internal Builder is used for build
gcc -O0 -g3 -Wall -c -fmessage-length=0 -o qq.o "..\\qq.c" 
..\qq.c:9:6: warning: return type of 'main' is not 'int' [-Wmain]
 void main(){
      ^~~~
..\qq.c: In function 'main':
..\qq.c:43:19: warning: format '%f' expects a matching 'double' argument [-Wformat=]
    printf("%.2f%.2f",E[r][c]);
                   ^
gcc -o Ex3.exe qq.o 
Info: Nothing to build for Ex3
Info: Nothing to build for Ex1
Info: Nothing to build for Ex2
19:06:50 **** Incremental Build of configuration Debug for project Ex3 ****
Info: Internal Builder is used for build
gcc -O0 -g3 -Wall -c -fmessage-length=0 -o qq.o "..\\qq.c" 
..\qq.c:9:6: warning: return type of 'main' is not 'int' [-Wmain]
 void main(){
      ^~~~
..\qq.c: In function 'main':
..\qq.c:43:19: warning: format '%f' expects a matching 'double' argument [-Wformat=]
    printf("%.2f%.2f",E[r][c]);
                   ^
gcc -o Ex3.exe qq.o 
c:/mingw/bin/../lib/gcc/mingw32/6.3.0/../../../../mingw32/bin/ld.exe: cannot open output file Ex3.exe: Permission denied
collect2.exe: error: ld returned 1 exit status
Info: Nothing to build for Ex1
Info: Nothing to build for Ex2
19:07:20 **** Incremental Build of configuration Debug for project Ex3 ****
Info: Internal Builder is used for build
gcc -o Ex3.exe qq.o 
Info: Nothing to build for Ex3
Info: Nothing to build for Ex3
Info: Nothing to build for Ex1
Info: Nothing to build for Ex2
19:08:53 **** Incremental Build of configuration Debug for project Ex3 ****
Info: Internal Builder is used for build
gcc -O0 -g3 -Wall -c -fmessage-length=0 -o qq.o "..\\qq.c" 
..\qq.c:9:6: warning: return type of 'main' is not 'int' [-Wmain]
 void main(){
      ^~~~
..\qq.c: In function 'main':
..\qq.c:43:21: warning: format '%f' expects a matching 'double' argument [-Wformat=]
    printf("%0.2f%0.2f",E[r][c]);
                     ^
gcc -o Ex3.exe qq.o 
Info: Nothing to build for Ex3
Info: Nothing to build for Ex1
Info: Nothing to build for Ex2
19:09:49 **** Incremental Build of configuration Debug for project Ex3 ****
Info: Internal Builder is used for build
gcc -O0 -g3 -Wall -c -fmessage-length=0 -o qq.o "..\\qq.c" 
..\qq.c:9:6: warning: return type of 'main' is not 'int' [-Wmain]
 void main(){
      ^~~~
..\qq.c: In function 'main':
..\qq.c:30:12: warning: format '%f' expects argument of type 'float *', but argument 2 has type 'int *' [-Wformat=]
    scanf("%f",&E[r][c]);
            ^
..\qq.c:43:15: warning: format '%d' expects a matching 'int' argument [-Wformat=]
    printf("%d%d",E[r][c]);
               ^
gcc -o Ex3.exe qq.o 
Info: Nothing to build for Ex3
Info: Nothing to build for Ex1
Info: Nothing to build for Ex2
19:10:09 **** Incremental Build of configuration Debug for project Ex3 ****
Info: Internal Builder is used for build
gcc -O0 -g3 -Wall -c -fmessage-length=0 -o qq.o "..\\qq.c" 
..\qq.c:9:6: warning: return type of 'main' is not 'int' [-Wmain]
 void main(){
      ^~~~
..\qq.c: In function 'main':
..\qq.c:43:15: warning: format '%d' expects a matching 'int' argument [-Wformat=]
    printf("%d%d",E[r][c]);
               ^
gcc -o Ex3.exe qq.o 
c:/mingw/bin/../lib/gcc/mingw32/6.3.0/../../../../mingw32/bin/ld.exe: cannot open output file Ex3.exe: Permission denied
collect2.exe: error: ld returned 1 exit status
19:10:12 **** Incremental Build of configuration Debug for project Ex3 ****
Info: Internal Builder is used for build
gcc -o Ex3.exe qq.o 
c:/mingw/bin/../lib/gcc/mingw32/6.3.0/../../../../mingw32/bin/ld.exe: cannot open output file Ex3.exe: Permission denied
collect2.exe: error: ld returned 1 exit status
Info: Nothing to build for Ex1
Info: Nothing to build for Ex2
19:10:46 **** Incremental Build of configuration Debug for project Ex3 ****
Info: Internal Builder is used for build
gcc -o Ex3.exe qq.o 
Info: Nothing to build for Ex3
Info: Nothing to build for Ex1
Info: Nothing to build for Ex2
19:13:17 **** Incremental Build of configuration Debug for project Ex3 ****
Info: Internal Builder is used for build
gcc -O0 -g3 -Wall -c -fmessage-length=0 -o qq.o "..\\qq.c" 
..\qq.c:9:6: warning: return type of 'main' is not 'int' [-Wmain]
 void main(){
      ^~~~
..\qq.c: In function 'main':
..\qq.c:43:15: warning: format '%d' expects a matching 'int' argument [-Wformat=]
    printf("%d%d",E[r][c]);
               ^
..\qq.c:47:2: error: expected declaration or statement at end of input
  }
  ^
Info: Nothing to build for Ex1
Info: Nothing to build for Ex2
19:14:04 **** Incremental Build of configuration Debug for project Ex3 ****
Info: Internal Builder is used for build
gcc -O0 -g3 -Wall -c -fmessage-length=0 -o qq.o "..\\qq.c" 
..\qq.c:9:6: warning: return type of 'main' is not 'int' [-Wmain]
 void main(){
      ^~~~
..\qq.c: In function 'main':
..\qq.c:43:15: warning: format '%d' expects a matching 'int' argument [-Wformat=]
    printf("%d%d",E[r][c]);
               ^
gcc -o Ex3.exe qq.o 
Info: Nothing to build for Ex3
Info: Nothing to build for Ex1
Info: Nothing to build for Ex2
Info: Nothing to build for Ex3
Info: Nothing to build for Ex1
Info: Nothing to build for Ex2
Info: Nothing to build for Ex3
Info: Nothing to build for Ex1
Info: Nothing to build for Ex1
Info: Nothing to build for Ex2
19:17:07 **** Incremental Build of configuration Debug for project Ex3 ****
Info: Internal Builder is used for build
gcc -O0 -g3 -Wall -c -fmessage-length=0 -o qq.o "..\\qq.c" 
..\qq.c:9:6: warning: return type of 'main' is not 'int' [-Wmain]
 void main(){
      ^~~~
..\qq.c: In function 'main':
..\qq.c:43:15: warning: format '%d' expects a matching 'int' argument [-Wformat=]
    printf("%d%d",E[r][c]);
               ^
gcc -o Ex3.exe qq.o 
Info: Nothing to build for Ex1
Info: Nothing to build for Ex2
19:18:33 **** Incremental Build of configuration Debug for project Ex3 ****
Info: Internal Builder is used for build
gcc -O0 -g3 -Wall -c -fmessage-length=0 -o qq.o "..\\qq.c" 
..\qq.c:9:6: warning: return type of 'main' is not 'int' [-Wmain]
 void main(){
      ^~~~
gcc -o Ex3.exe qq.o 
Info: Nothing to build for Ex3
Info: Nothing to build for Ex1
Info: Nothing to build for Ex2
19:19:24 **** Incremental Build of configuration Debug for project Ex3 ****
Info: Internal Builder is used for build
gcc -O0 -g3 -Wall -c -fmessage-length=0 -o qq.o "..\\qq.c" 
..\qq.c:9:6: warning: return type of 'main' is not 'int' [-Wmain]
 void main(){
      ^~~~
gcc -o Ex3.exe qq.o 
Info: Nothing to build for Ex3
Info: Nothing to build for Ex1
Info: Nothing to build for Ex2
19:24:04 **** Incremental Build of configuration Debug for project Ex3 ****
Info: Internal Builder is used for build
gcc -O0 -g3 -Wall -c -fmessage-length=0 -o qq.o "..\\qq.c" 
..\qq.c:9:6: warning: return type of 'main' is not 'int' [-Wmain]
 void main(){
      ^~~~
gcc -o Ex3.exe qq.o 
Info: Nothing to build for Ex3
Info: Nothing to build for Ex1
Info: Nothing to build for Ex2
Info: Nothing to build for Ex3
Info: Nothing to build for Ex1
Info: Nothing to build for Ex2
19:24:53 **** Incremental Build of configuration Debug for project Ex3 ****
Info: Internal Builder is used for build
gcc -O0 -g3 -Wall -c -fmessage-length=0 -o qq.o "..\\qq.c" 
..\qq.c:9:6: warning: return type of 'main' is not 'int' [-Wmain]
 void main(){
      ^~~~
gcc -o Ex3.exe qq.o 
Info: Nothing to build for Ex3
Info: Nothing to build for Ex1
Info: Nothing to build for Ex2
19:27:00 **** Incremental Build of configuration Debug for project Ex3 ****
Info: Internal Builder is used for build
gcc -O0 -g3 -Wall -c -fmessage-length=0 -o qq.o "..\\qq.c" 
..\qq.c:9:6: warning: return type of 'main' is not 'int' [-Wmain]
 void main(){
      ^~~~
gcc -o Ex3.exe qq.o 
Info: Nothing to build for Ex3
Info: Nothing to build for Ex3
Info: Nothing to build for Ex1
Info: Nothing to build for Ex2
19:27:53 **** Incremental Build of configuration Debug for project Ex3 ****
Info: Internal Builder is used for build
gcc -O0 -g3 -Wall -c -fmessage-length=0 -o qq.o "..\\qq.c" 
..\qq.c:9:6: warning: return type of 'main' is not 'int' [-Wmain]
 void main(){
      ^~~~
gcc -o Ex3.exe qq.o 
c:/mingw/bin/../lib/gcc/mingw32/6.3.0/../../../../mingw32/bin/ld.exe: cannot open output file Ex3.exe: Permission denied
collect2.exe: error: ld returned 1 exit status
Info: Nothing to build for Ex1
Info: Nothing to build for Ex2
19:28:23 **** Incremental Build of configuration Debug for project Ex3 ****
Info: Internal Builder is used for build
gcc -o Ex3.exe qq.o 
Info: Nothing to build for Ex3
Info: Nothing to build for Ex3
Info: Nothing to build for Ex1
Info: Nothing to build for Ex2
19:29:08 **** Incremental Build of configuration Debug for project Ex3 ****
Info: Internal Builder is used for build
gcc -O0 -g3 -Wall -c -fmessage-length=0 -o qq.o "..\\qq.c" 
..\qq.c:9:6: warning: return type of 'main' is not 'int' [-Wmain]
 void main(){
      ^~~~
gcc -o Ex3.exe qq.o 
c:/mingw/bin/../lib/gcc/mingw32/6.3.0/../../../../mingw32/bin/ld.exe: cannot open output file Ex3.exe: Permission denied
collect2.exe: error: ld returned 1 exit status
Info: Nothing to build for Ex1
Info: Nothing to build for Ex2
19:29:50 **** Incremental Build of configuration Debug for project Ex3 ****
Info: Internal Builder is used for build
gcc -o Ex3.exe qq.o 
Info: Nothing to build for Ex3
Info: Nothing to build for Ex3
Info: Nothing to build for Ex1
Info: Nothing to build for Ex2
19:35:49 **** Incremental Build of configuration Debug for project Ex3 ****
Info: Internal Builder is used for build
gcc -O0 -g3 -Wall -c -fmessage-length=0 -o qq.o "..\\qq.c" 
..\qq.c:9:6: warning: return type of 'main' is not 'int' [-Wmain]
 void main(){
      ^~~~
gcc -o Ex3.exe qq.o 
Info: Nothing to build for Ex3
Info: Nothing to build for Ex1
Info: Nothing to build for Ex2
19:36:39 **** Incremental Build of configuration Debug for project Ex3 ****
Info: Internal Builder is used for build
gcc -O0 -g3 -Wall -c -fmessage-length=0 -o qq.o "..\\qq.c" 
..\qq.c:9:6: warning: return type of 'main' is not 'int' [-Wmain]
 void main(){
      ^~~~
gcc -o Ex3.exe qq.o 
Info: Nothing to build for Ex3
Info: Nothing to build for Ex1
Info: Nothing to build for Ex2
19:37:21 **** Incremental Build of configuration Debug for project Ex3 ****
Info: Internal Builder is used for build
gcc -O0 -g3 -Wall -c -fmessage-length=0 -o qq.o "..\\qq.c" 
..\qq.c:9:6: warning: return type of 'main' is not 'int' [-Wmain]
 void main(){
      ^~~~
gcc -o Ex3.exe qq.o 
Info: Nothing to build for Ex3
Info: Nothing to build for Ex3
Info: Nothing to build for Ex1
Info: Nothing to build for Ex2
19:51:31 **** Incremental Build of configuration Debug for project Ex3 ****
Info: Internal Builder is used for build
gcc -O0 -g3 -Wall -c -fmessage-length=0 -o qq.o "..\\qq.c" 
..\qq.c:9:6: warning: return type of 'main' is not 'int' [-Wmain]
 void main(){
      ^~~~
gcc -o Ex3.exe qq.o 
Info: Nothing to build for Ex3
Info: Nothing to build for Ex3
Info: Nothing to build for Ex1
Info: Nothing to build for Ex2
19:53:01 **** Incremental Build of configuration Debug for project Ex3 ****
Info: Internal Builder is used for build
gcc -O0 -g3 -Wall -c -fmessage-length=0 -o qq.o "..\\qq.c" 
..\qq.c:9:6: warning: return type of 'main' is not 'int' [-Wmain]
 void main(){
      ^~~~
gcc -o Ex3.exe qq.o 
Info: Nothing to build for Ex3
Info: Nothing to build for Ex1
Info: Nothing to build for Ex2
19:54:16 **** Incremental Build of configuration Debug for project Ex3 ****
Info: Internal Builder is used for build
gcc -O0 -g3 -Wall -c -fmessage-length=0 -o qq.o "..\\qq.c" 
..\qq.c:9:6: warning: return type of 'main' is not 'int' [-Wmain]
 void main(){
      ^~~~
..\qq.c: In function 'main':
..\qq.c:71:10: warning: 'return' with a value, in function returning void
   return 0;
          ^
..\qq.c:9:6: note: declared here
 void main(){
      ^~~~
gcc -o Ex3.exe qq.o 
Info: Nothing to build for Ex3
Info: Nothing to build for Ex1
Info: Nothing to build for Ex2
Info: Nothing to build for Ex3
Info: Nothing to build for Ex1
Info: Nothing to build for Ex2
19:55:31 **** Incremental Build of configuration Debug for project Ex3 ****
Info: Internal Builder is used for build
gcc -O0 -g3 -Wall -c -fmessage-length=0 -o qq.o "..\\qq.c" 
..\qq.c:9:6: warning: return type of 'main' is not 'int' [-Wmain]
 void main(){
      ^~~~
gcc -o Ex3.exe qq.o 
Info: Nothing to build for Ex3
Info: Nothing to build for Ex3
Info: Nothing to build for Ex1
Info: Nothing to build for Ex2
19:57:20 **** Incremental Build of configuration Debug for project Ex3 ****
Info: Internal Builder is used for build
gcc -O0 -g3 -Wall -c -fmessage-length=0 -o qq.o "..\\qq.c" 
..\qq.c:9:6: warning: return type of 'main' is not 'int' [-Wmain]
 void main(){
      ^~~~
gcc -o Ex3.exe qq.o 
Info: Nothing to build for Ex3
Info: Nothing to build for Ex1
Info: Nothing to build for Ex2
19:58:05 **** Incremental Build of configuration Debug for project Ex3 ****
Info: Internal Builder is used for build
gcc -O0 -g3 -Wall -c -fmessage-length=0 -o qq.o "..\\qq.c" 
..\qq.c:9:6: warning: return type of 'main' is not 'int' [-Wmain]
 void main(){
      ^~~~
gcc -o Ex3.exe qq.o 
Info: Nothing to build for Ex3
Info: Nothing to build for Ex1
Info: Nothing to build for Ex2
Info: Nothing to build for Ex3
Info: Nothing to build for Ex1
Info: Nothing to build for Ex2
Info: Nothing to build for Ex3
Info: Nothing to build for Ex1
Info: Nothing to build for Ex2
20:00:26 **** Incremental Build of configuration Debug for project Ex3 ****
Info: Internal Builder is used for build
gcc -O0 -g3 -Wall -c -fmessage-length=0 -o qq.o "..\\qq.c" 
..\qq.c:9:6: warning: return type of 'main' is not 'int' [-Wmain]
 void main(){
      ^~~~
gcc -o Ex3.exe qq.o 
Info: Nothing to build for Ex3
Info: Nothing to build for Ex3
Info: Nothing to build for Ex3
Info: Nothing to build for Ex1
Info: Nothing to build for Ex2
20:03:14 **** Incremental Build of configuration Debug for project Ex3 ****
Info: Internal Builder is used for build
gcc -O0 -g3 -Wall -c -fmessage-length=0 -o qq.o "..\\qq.c" 
gcc -o Ex3.exe qq.o 
Info: Nothing to build for Ex3
Info: Nothing to build for Ex1
Info: Nothing to build for Ex2
20:03:52 **** Incremental Build of configuration Debug for project Ex3 ****
Info: Internal Builder is used for build
gcc -O0 -g3 -Wall -c -fmessage-length=0 -o qq.o "..\\qq.c" 
gcc -o Ex3.exe qq.o 
Info: Nothing to build for Ex3
20:04:36 **** Incremental Build of configuration Debug for project Ex3 ****
Info: Internal Builder is used for build
gcc -O0 -g3 -Wall -c -fmessage-length=0 -o qq.o "..\\qq.c" 
gcc -o Ex3.exe qq.o 
Info: Nothing to build for Ex1
Info: Nothing to build for Ex2
20:05:09 **** Incremental Build of configuration Debug for project Ex3 ****
Info: Internal Builder is used for build
gcc -O0 -g3 -Wall -c -fmessage-length=0 -o qq.o "..\\qq.c" 
gcc -o Ex3.exe qq.o 
Info: Nothing to build for Ex3
Info: Nothing to build for Ex1
Info: Nothing to build for Ex2
20:06:45 **** Incremental Build of configuration Debug for project Ex3 ****
Info: Internal Builder is used for build
gcc -O0 -g3 -Wall -c -fmessage-length=0 -o qq.o "..\\qq.c" 
gcc -o Ex3.exe qq.o 
Info: Nothing to build for Ex3
Info: Nothing to build for Ex1
Info: Nothing to build for Ex2
20:07:11 **** Incremental Build of configuration Debug for project Ex3 ****
Info: Internal Builder is used for build
gcc -O0 -g3 -Wall -c -fmessage-length=0 -o qq.o "..\\qq.c" 
gcc -o Ex3.exe qq.o 
Info: Nothing to build for Ex3
Info: Nothing to build for Ex1
Info: Nothing to build for Ex2
20:08:15 **** Incremental Build of configuration Debug for project Ex3 ****
Info: Internal Builder is used for build
gcc -O0 -g3 -Wall -c -fmessage-length=0 -o qq.o "..\\qq.c" 
gcc -o Ex3.exe qq.o 
Info: Nothing to build for Ex3
Info: Nothing to build for Ex1
Info: Nothing to build for Ex2
20:09:05 **** Incremental Build of configuration Debug for project Ex3 ****
Info: Internal Builder is used for build
gcc -O0 -g3 -Wall -c -fmessage-length=0 -o qq.o "..\\qq.c" 
gcc -o Ex3.exe qq.o 
Info: Nothing to build for Ex3
Info: Nothing to build for Ex1
Info: Nothing to build for Ex2
20:09:33 **** Incremental Build of configuration Debug for project Ex3 ****
Info: Internal Builder is used for build
gcc -O0 -g3 -Wall -c -fmessage-length=0 -o qq.o "..\\qq.c" 
gcc -o Ex3.exe qq.o 
Info: Nothing to build for Ex3
Info: Nothing to build for Ex1
Info: Nothing to build for Ex2
20:10:45 **** Incremental Build of configuration Debug for project Ex3 ****
Info: Internal Builder is used for build
gcc -O0 -g3 -Wall -c -fmessage-length=0 -o qq.o "..\\qq.c" 
gcc -o Ex3.exe qq.o 
Info: Nothing to build for Ex3
Info: Nothing to build for Ex1
Info: Nothing to build for Ex2
20:11:31 **** Incremental Build of configuration Debug for project Ex3 ****
Info: Internal Builder is used for build
gcc -O0 -g3 -Wall -c -fmessage-length=0 -o qq.o "..\\qq.c" 
gcc -o Ex3.exe qq.o 
Info: Nothing to build for Ex3
Info: Nothing to build for Ex3
Info: Nothing to build for Ex1
Info: Nothing to build for Ex2
20:23:52 **** Incremental Build of configuration Debug for project Ex3 ****
Info: Internal Builder is used for build
gcc -O0 -g3 -Wall -c -fmessage-length=0 -o qq.o "..\\qq.c" 
gcc -o Ex3.exe qq.o 
Info: Nothing to build for Ex3
Info: Nothing to build for Ex1
Info: Nothing to build for Ex2
Info: Nothing to build for Ex3
12:02:58 **** Rebuild of configuration Debug for project Ex5 ****
Info: Internal Builder is used for build
gcc -O0 -g3 -Wall -c -fmessage-length=0 -o ww.o "..\\ww.c" 
gcc -o Ex5.exe ww.o 
Info: Nothing to build for Ex5
Info: Nothing to build for Ex5
Info: Nothing to build for Ex5
Info: Nothing to build for Ex5
Info: Nothing to build for Ex1
Info: Nothing to build for Ex2
Info: Nothing to build for Ex3
Info: Nothing to build for Ex5
12:17:49 **** Rebuild of configuration Debug for project Ex6 ****
Info: Internal Builder is used for build
gcc -O0 -g3 -Wall -c -fmessage-length=0 -o rr.o "..\\rr.c" 
gcc -o Ex6.exe rr.o 
Info: Nothing to build for Ex6
Info: Nothing to build for Ex1
Info: Nothing to build for Ex2
Info: Nothing to build for Ex3
Info: Nothing to build for Ex5
12:21:33 **** Incremental Build of configuration Debug for project Ex6 ****
Info: Internal Builder is used for build
gcc -O0 -g3 -Wall -c -fmessage-length=0 -o rr.o "..\\rr.c" 
..\rr.c: In function 'main':
..\rr.c:12:6: warning: unused variable 'legnth' [-Wunused-variable]
  int legnth;
      ^~~~~~
gcc -o Ex6.exe rr.o 
Info: Nothing to build for Ex6
Info: Nothing to build for Ex1
Info: Nothing to build for Ex2
Info: Nothing to build for Ex3
Info: Nothing to build for Ex5
12:23:14 **** Incremental Build of configuration Debug for project Ex6 ****
Info: Internal Builder is used for build
gcc -O0 -g3 -Wall -c -fmessage-length=0 -o rr.o "..\\rr.c" 
..\rr.c: In function 'main':
..\rr.c:18:2: warning: this 'for' clause does not guard... [-Wmisleading-indentation]
  for(i=0;text[i]!='\0';i++);
  ^~~
..\rr.c:19:3: note: ...this statement, but the latter is misleadingly indented as if it is guarded by the 'for'
   printf("legnth of string=%d",i);
   ^~~~~~
..\rr.c:12:6: warning: unused variable 'legnth' [-Wunused-variable]
  int legnth;
      ^~~~~~
gcc -o Ex6.exe rr.o 
Info: Nothing to build for Ex6
Info: Nothing to build for Ex1
Info: Nothing to build for Ex2
Info: Nothing to build for Ex3
Info: Nothing to build for Ex5
12:25:04 **** Incremental Build of configuration Debug for project Ex6 ****
Info: Internal Builder is used for build
gcc -O0 -g3 -Wall -c -fmessage-length=0 -o rr.o "..\\rr.c" 
..\rr.c: In function 'main':
..\rr.c:18:2: warning: this 'for' clause does not guard... [-Wmisleading-indentation]
  for(i=0;text[i]!='\0';i++);
  ^~~
..\rr.c:19:3: note: ...this statement, but the latter is misleadingly indented as if it is guarded by the 'for'
   printf("legnth of string=%d",i);
   ^~~~~~
gcc -o Ex6.exe rr.o 
Info: Nothing to build for Ex1
Info: Nothing to build for Ex2
Info: Nothing to build for Ex3
Info: Nothing to build for Ex5
Info: Nothing to build for Ex6
Info: Nothing to build for Ex6
Info: Nothing to build for Ex6
Info: Nothing to build for Ex1
Info: Nothing to build for Ex2
Info: Nothing to build for Ex3
Info: Nothing to build for Ex5
15:16:48 **** Incremental Build of configuration Debug for project Ex6 ****
Info: Internal Builder is used for build
gcc -O0 -g3 -Wall -c -fmessage-length=0 -o rr.o "..\\rr.c" 
..\rr.c: In function 'main':
..\rr.c:18:2: warning: this 'for' clause does not guard... [-Wmisleading-indentation]
  for(i=0;text[i]!='\0';i++);
  ^~~
..\rr.c:19:3: note: ...this statement, but the latter is misleadingly indented as if it is guarded by the 'for'
   printf("Length of string=%d",i);
   ^~~~~~
gcc -o Ex6.exe rr.o 
Info: Nothing to build for Ex1
Info: Nothing to build for Ex2
Info: Nothing to build for Ex3
Info: Nothing to build for Ex5
Info: Nothing to build for Ex6
15:26:47 **** Rebuild of configuration Debug for project Ex7 ****
Info: Internal Builder is used for build
gcc -O0 -g3 -Wall -c -fmessage-length=0 -o ff.o "..\\ff.c" 
..\ff.c: In function 'main':
..\ff.c:16:11: error: 'i' undeclared (first use in this function)
  for(text[i]!='\0':i=0;i--){
           ^
..\ff.c:16:11: note: each undeclared identifier is reported only once for each function it appears in
..\ff.c:16:19: error: expected ';' before ':' token
  for(text[i]!='\0':i=0;i--){
                   ^
..\ff.c:16:27: error: expected ';' before ')' token
  for(text[i]!='\0':i=0;i--){
                           ^
Info: Nothing to build for Ex1
Info: Nothing to build for Ex2
Info: Nothing to build for Ex3
Info: Nothing to build for Ex5
Info: Nothing to build for Ex6
15:27:23 **** Incremental Build of configuration Debug for project Ex7 ****
Info: Internal Builder is used for build
gcc -O0 -g3 -Wall -c -fmessage-length=0 -o ff.o "..\\ff.c" 
..\ff.c: In function 'main':
..\ff.c:17:13: warning: statement with no effect [-Wunused-value]
  for(text[i]!='\0':i=0;i--){
      ~~~~~~~^~~~~~
..\ff.c:17:19: error: expected ';' before ':' token
  for(text[i]!='\0':i=0;i--){
                   ^
..\ff.c:17:27: error: expected ';' before ')' token
  for(text[i]!='\0':i=0;i--){
                           ^
Info: Nothing to build for Ex1
Info: Nothing to build for Ex2
Info: Nothing to build for Ex3
Info: Nothing to build for Ex5
Info: Nothing to build for Ex6
15:28:12 **** Incremental Build of configuration Debug for project Ex7 ****
Info: Internal Builder is used for build
gcc -O0 -g3 -Wall -c -fmessage-length=0 -o ff.o "..\\ff.c" 
..\ff.c: In function 'main':
..\ff.c:17:13: warning: statement with no effect [-Wunused-value]
  for(text[i]!='\0':i=0;i--){
      ~~~~~~~^~~~~~
..\ff.c:17:19: error: expected ';' before ':' token
  for(text[i]!='\0':i=0;i--){
                   ^
..\ff.c:17:27: error: expected ';' before ')' token
  for(text[i]!='\0':i=0;i--){
                           ^
Info: Nothing to build for Ex1
Info: Nothing to build for Ex2
Info: Nothing to build for Ex3
Info: Nothing to build for Ex5
Info: Nothing to build for Ex6
15:29:41 **** Incremental Build of configuration Debug for project Ex7 ****
Info: Internal Builder is used for build
gcc -O0 -g3 -Wall -c -fmessage-length=0 -o ff.o "..\\ff.c" 
..\ff.c: In function 'main':
..\ff.c:17:13: warning: statement with no effect [-Wunused-value]
  for(text[i]!='\0';i=0;i--){
      ~~~~~~~^~~~~~
..\ff.c:17:2: warning: suggest parentheses around assignment used as truth value [-Wparentheses]
  for(text[i]!='\0';i=0;i--){
  ^~~
..\ff.c:17:10: warning: 'i' is used uninitialized in this function [-Wuninitialized]
  for(text[i]!='\0';i=0;i--){
      ~~~~^~~
gcc -o Ex7.exe ff.o 
Info: Nothing to build for Ex7
Info: Nothing to build for Ex1
Info: Nothing to build for Ex2
Info: Nothing to build for Ex3
Info: Nothing to build for Ex5
Info: Nothing to build for Ex6
15:32:12 **** Incremental Build of configuration Debug for project Ex7 ****
Info: Internal Builder is used for build
gcc -O0 -g3 -Wall -c -fmessage-length=0 -o ff.o "..\\ff.c" 
..\ff.c: In function 'main':
..\ff.c:17:13: warning: statement with no effect [-Wunused-value]
  for(text[i]!='\0';i=0;i--){
      ~~~~~~~^~~~~~
..\ff.c:17:2: warning: suggest parentheses around assignment used as truth value [-Wparentheses]
  for(text[i]!='\0';i=0;i--){
  ^~~
..\ff.c:18:14: warning: format '%s' expects argument of type 'char *', but argument 2 has type 'int' [-Wformat=]
   ch=scanf("%s",text[i]);
              ^
..\ff.c:17:10: warning: 'i' is used uninitialized in this function [-Wuninitialized]
  for(text[i]!='\0';i=0;i--){
      ~~~~^~~
gcc -o Ex7.exe ff.o 
Info: Nothing to build for Ex7
Info: Nothing to build for Ex1
Info: Nothing to build for Ex2
Info: Nothing to build for Ex3
Info: Nothing to build for Ex5
Info: Nothing to build for Ex6
15:32:36 **** Incremental Build of configuration Debug for project Ex7 ****
Info: Internal Builder is used for build
gcc -O0 -g3 -Wall -c -fmessage-length=0 -o ff.o "..\\ff.c" 
..\ff.c: In function 'main':
..\ff.c:17:13: warning: statement with no effect [-Wunused-value]
  for(text[i]!='\0';i=0;i--){
      ~~~~~~~^~~~~~
..\ff.c:17:2: warning: suggest parentheses around assignment used as truth value [-Wparentheses]
  for(text[i]!='\0';i=0;i--){
  ^~~
..\ff.c:17:10: warning: 'i' is used uninitialized in this function [-Wuninitialized]
  for(text[i]!='\0';i=0;i--){
      ~~~~^~~
gcc -o Ex7.exe ff.o 
Info: Nothing to build for Ex7
Info: Nothing to build for Ex1
Info: Nothing to build for Ex2
Info: Nothing to build for Ex3
Info: Nothing to build for Ex5
Info: Nothing to build for Ex6
15:34:25 **** Incremental Build of configuration Debug for project Ex7 ****
Info: Internal Builder is used for build
gcc -O0 -g3 -Wall -c -fmessage-length=0 -o ff.o "..\\ff.c" 
gcc -o Ex7.exe ff.o 
Info: Nothing to build for Ex7
Info: Nothing to build for Ex1
Info: Nothing to build for Ex2
Info: Nothing to build for Ex3
Info: Nothing to build for Ex5
Info: Nothing to build for Ex6
15:35:39 **** Incremental Build of configuration Debug for project Ex7 ****
Info: Internal Builder is used for build
gcc -O0 -g3 -Wall -c -fmessage-length=0 -o ff.o "..\\ff.c" 
gcc -o Ex7.exe ff.o 
c:/mingw/bin/../lib/gcc/mingw32/6.3.0/../../../../mingw32/bin/ld.exe: cannot open output file Ex7.exe: Permission denied
collect2.exe: error: ld returned 1 exit status
Info: Nothing to build for Ex1
Info: Nothing to build for Ex2
Info: Nothing to build for Ex3
Info: Nothing to build for Ex5
Info: Nothing to build for Ex6
15:36:19 **** Incremental Build of configuration Debug for project Ex7 ****
Info: Internal Builder is used for build
gcc -o Ex7.exe ff.o 
Info: Nothing to build for Ex7
Info: Nothing to build for Ex1
Info: Nothing to build for Ex2
Info: Nothing to build for Ex3
Info: Nothing to build for Ex5
Info: Nothing to build for Ex6
15:40:33 **** Incremental Build of configuration Debug for project Ex7 ****
Info: Internal Builder is used for build
gcc -O0 -g3 -Wall -c -fmessage-length=0 -o ff.o "..\\ff.c" 
..\ff.c: In function 'main':
..\ff.c:17:13: warning: statement with no effect [-Wunused-value]
  for(text[i]!=0;text[0];i--){
      ~~~~~~~^~~
..\ff.c:17:10: warning: 'i' is used uninitialized in this function [-Wuninitialized]
  for(text[i]!=0;text[0];i--){
      ~~~~^~~
gcc -o Ex7.exe ff.o 
c:/mingw/bin/../lib/gcc/mingw32/6.3.0/../../../../mingw32/bin/ld.exe: cannot open output file Ex7.exe: Permission denied
collect2.exe: error: ld returned 1 exit status
Info: Nothing to build for Ex1
Info: Nothing to build for Ex2
Info: Nothing to build for Ex3
Info: Nothing to build for Ex5
Info: Nothing to build for Ex6
15:41:08 **** Incremental Build of configuration Debug for project Ex7 ****
Info: Internal Builder is used for build
gcc -o Ex7.exe ff.o 
Info: Nothing to build for Ex7
Info: Nothing to build for Ex1
Info: Nothing to build for Ex2
Info: Nothing to build for Ex3
Info: Nothing to build for Ex5
Info: Nothing to build for Ex6
15:41:39 **** Incremental Build of configuration Debug for project Ex7 ****
Info: Internal Builder is used for build
gcc -O0 -g3 -Wall -c -fmessage-length=0 -o ff.o "..\\ff.c" 
..\ff.c: In function 'main':
..\ff.c:17:13: warning: statement with no effect [-Wunused-value]
  for(text[i]!=0;text[0];i--){
      ~~~~~~~^~~
..\ff.c:17:10: warning: 'i' is used uninitialized in this function [-Wuninitialized]
  for(text[i]!=0;text[0];i--){
      ~~~~^~~
gcc -o Ex7.exe ff.o 
c:/mingw/bin/../lib/gcc/mingw32/6.3.0/../../../../mingw32/bin/ld.exe: cannot open output file Ex7.exe: Permission denied
collect2.exe: error: ld returned 1 exit status
Info: Nothing to build for Ex1
Info: Nothing to build for Ex2
Info: Nothing to build for Ex3
Info: Nothing to build for Ex5
Info: Nothing to build for Ex6
15:42:06 **** Incremental Build of configuration Debug for project Ex7 ****
Info: Internal Builder is used for build
gcc -o Ex7.exe ff.o 
Info: Nothing to build for Ex7
Info: Nothing to build for Ex1
Info: Nothing to build for Ex2
Info: Nothing to build for Ex3
Info: Nothing to build for Ex5
Info: Nothing to build for Ex6
16:05:09 **** Incremental Build of configuration Debug for project Ex7 ****
Info: Internal Builder is used for build
gcc -O0 -g3 -Wall -c -fmessage-length=0 -o ff.o "..\\ff.c" 
..\ff.c: In function 'main':
..\ff.c:12:7: warning: variable 'temp' set but not used [-Wunused-but-set-variable]
  char temp;
       ^~~~
gcc -o Ex7.exe ff.o 
Info: Nothing to build for Ex7
Info: Nothing to build for Ex1
Info: Nothing to build for Ex2
Info: Nothing to build for Ex3
Info: Nothing to build for Ex5
Info: Nothing to build for Ex6
16:06:21 **** Incremental Build of configuration Debug for project Ex7 ****
Info: Internal Builder is used for build
gcc -O0 -g3 -Wall -c -fmessage-length=0 -o ff.o "..\\ff.c" 
gcc -o Ex7.exe ff.o 
Info: Nothing to build for Ex7
Info: Nothing to build for Ex1
Info: Nothing to build for Ex2
Info: Nothing to build for Ex3
Info: Nothing to build for Ex5
Info: Nothing to build for Ex6
16:30:36 **** Incremental Build of configuration Debug for project Ex7 ****
Info: Internal Builder is used for build
gcc -O0 -g3 -Wall -c -fmessage-length=0 -o ff.o "..\\ff.c" 
..\ff.c: In function 'main':
..\ff.c:29:33: warning: format '%s' expects argument of type 'char *', but argument 2 has type 'int' [-Wformat=]
  printf("Reverse of string is :%s",text[i]);
                                 ^
gcc -o Ex7.exe ff.o 
Info: Nothing to build for Ex7
Info: Nothing to build for Ex1
Info: Nothing to build for Ex2
Info: Nothing to build for Ex3
Info: Nothing to build for Ex5
Info: Nothing to build for Ex6
16:30:58 **** Incremental Build of configuration Debug for project Ex7 ****
Info: Internal Builder is used for build
gcc -O0 -g3 -Wall -c -fmessage-length=0 -o ff.o "..\\ff.c" 
..\ff.c: In function 'main':
..\ff.c:29:33: warning: format '%s' expects argument of type 'char *', but argument 2 has type 'int' [-Wformat=]
  printf("Reverse of string is :%s",text[j]);
                                 ^
gcc -o Ex7.exe ff.o 
Info: Nothing to build for Ex7
Info: Nothing to build for Ex1
Info: Nothing to build for Ex2
Info: Nothing to build for Ex3
Info: Nothing to build for Ex5
Info: Nothing to build for Ex6
16:31:13 **** Incremental Build of configuration Debug for project Ex7 ****
Info: Internal Builder is used for build
gcc -O0 -g3 -Wall -c -fmessage-length=0 -o ff.o "..\\ff.c" 
gcc -o Ex7.exe ff.o 
Info: Nothing to build for Ex7
Info: Nothing to build for Ex1
Info: Nothing to build for Ex2
Info: Nothing to build for Ex3
Info: Nothing to build for Ex5
Info: Nothing to build for Ex6
16:35:35 **** Incremental Build of configuration Debug for project Ex7 ****
Info: Internal Builder is used for build
gcc -O0 -g3 -Wall -c -fmessage-length=0 -o ff.o "..\\ff.c" 
gcc -o Ex7.exe ff.o 
Info: Nothing to build for Ex7
Info: Nothing to build for Ex1
Info: Nothing to build for Ex2
Info: Nothing to build for Ex3
Info: Nothing to build for Ex5
Info: Nothing to build for Ex6
16:35:52 **** Incremental Build of configuration Debug for project Ex7 ****
Info: Internal Builder is used for build
gcc -O0 -g3 -Wall -c -fmessage-length=0 -o ff.o "..\\ff.c" 
gcc -o Ex7.exe ff.o 
Info: Nothing to build for Ex7
Info: Nothing to build for Ex1
Info: Nothing to build for Ex2
Info: Nothing to build for Ex3
Info: Nothing to build for Ex5
Info: Nothing to build for Ex6
16:44:05 **** Incremental Build of configuration Debug for project Ex7 ****
Info: Internal Builder is used for build
gcc -O0 -g3 -Wall -c -fmessage-length=0 -o ff.o "..\\ff.c" 
gcc -o Ex7.exe ff.o 
Info: Nothing to build for Ex7
Info: Nothing to build for Ex1
Info: Nothing to build for Ex2
Info: Nothing to build for Ex3
17:03:08 **** Rebuild of configuration Debug for project Ex4 ****
Info: Internal Builder is used for build
gcc -O0 -g3 -Wall -c -fmessage-length=0 -o hg.o "..\\hg.c" 
..\hg.c:9:6: warning: return type of 'main' is not 'int' [-Wmain]
 void main(){
      ^~~~
..\hg.c: In function 'main':
..\hg.c:18:10: warning: format '%d' expects argument of type 'int *', but argument 2 has type 'int' [-Wformat=]
  scanf("%d",k);
          ^
..\hg.c:26:10: warning: format '%d' expects argument of type 'int *', but argument 2 has type 'int' [-Wformat=]
  scanf("%d",a);
          ^
..\hg.c:18:2: warning: 'k' is used uninitialized in this function [-Wuninitialized]
  scanf("%d",k);
  ^~~~~~~~~~~~~
..\hg.c:26:2: warning: 'a' is used uninitialized in this function [-Wuninitialized]
  scanf("%d",a);
  ^~~~~~~~~~~~~
gcc -o Ex4.exe hg.o 
Info: Nothing to build for Ex5
Info: Nothing to build for Ex6
Info: Nothing to build for Ex7
Info: Nothing to build for Ex1
Info: Nothing to build for Ex2
Info: Nothing to build for Ex3
Info: Nothing to build for Ex4
Info: Nothing to build for Ex5
Info: Nothing to build for Ex6
Info: Nothing to build for Ex7
Info: Nothing to build for Ex1
Info: Nothing to build for Ex2
Info: Nothing to build for Ex3
17:04:35 **** Incremental Build of configuration Debug for project Ex4 ****
Info: Internal Builder is used for build
gcc -O0 -g3 -Wall -c -fmessage-length=0 -o hg.o "..\\hg.c" 
..\hg.c: In function 'main':
..\hg.c:18:10: warning: format '%d' expects argument of type 'int *', but argument 2 has type 'int' [-Wformat=]
  scanf("%d",k);
          ^
..\hg.c:26:10: warning: format '%d' expects argument of type 'int *', but argument 2 has type 'int' [-Wformat=]
  scanf("%d",a);
          ^
..\hg.c:18:2: warning: 'k' is used uninitialized in this function [-Wuninitialized]
  scanf("%d",k);
  ^~~~~~~~~~~~~
..\hg.c:26:2: warning: 'a' is used uninitialized in this function [-Wuninitialized]
  scanf("%d",a);
  ^~~~~~~~~~~~~
gcc -o Ex4.exe hg.o 
Info: Nothing to build for Ex5
Info: Nothing to build for Ex6
Info: Nothing to build for Ex7
Info: Nothing to build for Ex4
Info: Nothing to build for Ex4
Info: Nothing to build for Ex4
Info: Nothing to build for Ex1
Info: Nothing to build for Ex2
Info: Nothing to build for Ex3
17:08:01 **** Incremental Build of configuration Debug for project Ex4 ****
Info: Internal Builder is used for build
gcc -O0 -g3 -Wall -c -fmessage-length=0 -o hg.o "..\\hg.c" 
..\hg.c: In function 'main':
..\hg.c:18:10: warning: format '%d' expects argument of type 'int *', but argument 2 has type 'int' [-Wformat=]
  scanf("%d",k);
          ^
..\hg.c:26:10: warning: format '%d' expects argument of type 'int *', but argument 2 has type 'int' [-Wformat=]
  scanf("%d",a);
          ^
..\hg.c:14:6: warning: unused variable 'b' [-Wunused-variable]
  int b;
      ^
..\hg.c:18:2: warning: 'k' is used uninitialized in this function [-Wuninitialized]
  scanf("%d",k);
  ^~~~~~~~~~~~~
..\hg.c:26:2: warning: 'a' is used uninitialized in this function [-Wuninitialized]
  scanf("%d",a);
  ^~~~~~~~~~~~~
gcc -o Ex4.exe hg.o 
c:/mingw/bin/../lib/gcc/mingw32/6.3.0/../../../../mingw32/bin/ld.exe: cannot open output file Ex4.exe: Permission denied
collect2.exe: error: ld returned 1 exit status
Info: Nothing to build for Ex5
Info: Nothing to build for Ex6
Info: Nothing to build for Ex7
Info: Nothing to build for Ex1
Info: Nothing to build for Ex2
Info: Nothing to build for Ex3
17:08:51 **** Incremental Build of configuration Debug for project Ex4 ****
Info: Internal Builder is used for build
gcc -o Ex4.exe hg.o 
Info: Nothing to build for Ex5
Info: Nothing to build for Ex6
Info: Nothing to build for Ex7
Info: Nothing to build for Ex4
Info: Nothing to build for Ex3
Info: Nothing to build for Ex4
