15:40:32 **** Incremental Build of configuration Debug for project Ex1 ****
Info: Internal Builder is used for build
gcc -O0 -g3 -Wall -c -fmessage-length=0 -o g.o "..\\g.c" 
..\g.c: In function 'main':
..\g.c:16:10: warning: format '%d' expects argument of type 'int *', but argument 2 has type 'int' [-Wformat=]
  scanf("%d%d",n1,n2);
          ^
..\g.c:16:12: warning: format '%d' expects argument of type 'int *', but argument 3 has type 'int' [-Wformat=]
  scanf("%d%d",n1,n2);
            ^
..\g.c:18:2: warning: suggest parentheses around assignment used as truth value [-Wparentheses]
  for(i=n1;i=n2;i++){
  ^~~
..\g.c:16:2: warning: 'n1' is used uninitialized in this function [-Wuninitialized]
  scanf("%d%d",n1,n2);
  ^~~~~~~~~~~~~~~~~~~
..\g.c:16:2: warning: 'n2' is used uninitialized in this function [-Wuninitialized]
..\g.c:20:6: warning: 'flag' may be used uninitialized in this function [-Wmaybe-uninitialized]
   if (flag==1)
      ^
gcc -o Ex1.exe g.o 

15:40:32 Build Finished. 0 errors, 6 warnings. (took 429ms)

